[nguyenkhanhthien99.wixsite.com/caesar-m.html]
[backblue.gif]
[fade.gif]
[index.html]
[nguyenkhanhthien99.wixsite.com/sitemap.xml]
[nguyenkhanhthien99.wixsite.com/feed.xml]
[browser.sentry-cdn.com/4.6.2/bundle.min.js]
[static.parastorage.com/unpkg/core-js-bundle@3.2.1/minified.js]
[static.parastorage.com/unpkg/whatwg-fetch@3.0.0/dist/fetch.umd.js]
[static.parastorage.com/services/wix-bolt/1.4878.0/bolt-main/app/bolt-custom-elements.min.js]
[static.parastorage.com/unpkg/requirejs-bolt@2.3.6/requirejs.min.js]
[nguyenkhanhthien99.wixsite.com/_partials/wix-bolt/1.4878.0/node_modules/viewer-platform-worker/dist/bolt-worker.js]
[static.parastorage.com/services/skins/2.1229.80/images/wysiwyg/core/themes/base/cursor_zoom_out.png]
[static.parastorage.com/services/skins/2.1229.80/images/wysiwyg/core/themes/base/cursor_zoom_in.png]
[static.wixstatic.com/media/b7f8d5_63d90ce56a7a4a41bcfc472c948e61ad_mv2.jpg/v1/fill/w_245,h_163,al_c,q_80,usm_0.66_1.00_0.01,blur_2/b7f8d5_63d90ce56a7a4a41bcfc472c948e61ad_mv2.jpg]
[static.wixstatic.com/media/b7f8d5_829cfe4075b846e0af956dbd6d598b3e_mv2.png/v1/fill/w_152,h_152,al_c,usm_0.66_1.00_0.01,blur_3/preload.png]
[static.wixstatic.com/media/b7f8d5_16fab4eece4a4fbbb31414d2c6d419ec_mv2.jpg/v1/fill/w_294,h_452,al_c,q_80,usm_0.66_1.00_0.01,blur_2/b7f8d5_16fab4eece4a4fbbb31414d2c6d419ec_mv2.jpg]
[static.wixstatic.com/media/002cd4_2d48efc3227e47b3945a682eac7f3ae1_92c4.jpg]
[nguyenkhanhthien99.wixsite.com/caesar-m/vlog.html]
[nguyenkhanhthien99.wixsite.com/caesar-m/blog.html]
[static.wixstatic.com/media/002cd4_bbd8be6bbeee46c48221e45c3a9a589f_0ddb.jpg]
[static.wixstatic.com/media/002cd4_769319a2d138444cb19990885128f2c7_26fc.jpg]
[static.wixstatic.com/media/002cd4_3c9c2a08f9274b16a00c0c9bbabbba70_eabf.jpg]
[static.wixstatic.com/media/002cd4_5d49b5810f354d699434a7c1ad7e57f6_fedf.jpg]
[static.wixstatic.com/media/002cd4_b76bb0b2ef974b3eab1d101dde877fb3_2375.jpg]
[static.wixstatic.com/media/002cd4_ee94da85b2e940d294e957c72a0fce3d_9441.jpg]
[static.wixstatic.com/media/8bb438_5ae585140ab442d49138ef3ccbf8fdb8_mv2_d_3000_3000_s_4_2.jpg/v1/fill/w_120,h_120,fp_0.50_0.50,q_70/8bb438_5ae585140ab442d49138ef3ccbf8fdb8_mv2_d_3000_3000_s_4_2.jpg]
[static.wixstatic.com/media/8bb438_0ab7a3ec93cf434cb89081f5272b5dac_mv2_d_3000_1941_s_2.jpg/v1/fill/w_120,h_120,fp_0.50_0.50,q_70/8bb438_0ab7a3ec93cf434cb89081f5272b5dac_mv2_d_3000_1941_s_2.jpg]
[static.wixstatic.com/media/8bb438_98999c7be5814da8a012bb8d32aa6a47_mv2_d_3000_1965_s_2.jpg/v1/fill/w_120,h_120,fp_0.50_0.50,q_70/8bb438_98999c7be5814da8a012bb8d32aa6a47_mv2_d_3000_1965_s_2.jpg]
[static.wixstatic.com/media/8bb438_3ae04589aef4480e89a24d7283c69798_mv2_d_2869_3586_s_4_2.jpg/v1/fill/w_120,h_120,fp_0.50_0.50,q_70/8bb438_3ae04589aef4480e89a24d7283c69798_mv2_d_2869_3586_s_4_2.jpg]
[static.wixstatic.com/media/8bb438_734b8f436e944886b4185aa6f72b5cad_mv2_d_3000_2000_s_2.jpg/v1/fill/w_120,h_120,fp_0.50_0.50,q_70/8bb438_734b8f436e944886b4185aa6f72b5cad_mv2_d_3000_2000_s_2.jpg]
[static.wixstatic.com/media/8bb438_ac2af14459894a6cbce641b7d8af9dc9_mv2_d_3000_2000_s_2.jpg/v1/fill/w_120,h_120,fp_0.50_0.50,q_70/8bb438_ac2af14459894a6cbce641b7d8af9dc9_mv2_d_3000_2000_s_2.jpg]
[static.wixstatic.com/media/8bb438_b596f0cc1c134605b59843a052cd8f37_mv2_d_3000_2930_s_4_2.jpg/v1/fill/w_120,h_120,fp_0.50_0.50,q_70/8bb438_b596f0cc1c134605b59843a052cd8f37_mv2_d_3000_2930_s_4_2.jpg]
[static.wixstatic.com/media/8bb438_3ae04589aef4480e89a24d7283c69798_mv2_d_2869_3586_s_4_2.jpg/v1/fit/w_250,h_60,q_30,blur_30/8bb438_3ae04589aef4480e89a24d7283c69798_mv2_d_2869_3586_s_4_2.jpg]
[static.wixstatic.com/media/8bb438_734b8f436e944886b4185aa6f72b5cad_mv2_d_3000_2000_s_2.jpg/v1/fit/w_250,h_60,q_30,blur_30/8bb438_734b8f436e944886b4185aa6f72b5cad_mv2_d_3000_2000_s_2.jpg]
[static.wixstatic.com/media/8bb438_ac2af14459894a6cbce641b7d8af9dc9_mv2_d_3000_2000_s_2.jpg/v1/fit/w_250,h_60,q_30,blur_30/8bb438_ac2af14459894a6cbce641b7d8af9dc9_mv2_d_3000_2000_s_2.jpg]
[static.wixstatic.com/media/8bb438_b596f0cc1c134605b59843a052cd8f37_mv2_d_3000_2930_s_4_2.jpg/v1/fit/w_250,h_60,q_30,blur_30/8bb438_b596f0cc1c134605b59843a052cd8f37_mv2_d_3000_2930_s_4_2.jpg]
[static.wixstatic.com/media/8bb438_288176fe374c49949c53917e808c1410_mv2_d_8192_7754_s_4_2.jpg/v1/fit/w_250,h_60,q_30,blur_30/8bb438_288176fe374c49949c53917e808c1410_mv2_d_8192_7754_s_4_2.jpg]
[static.wixstatic.com/media/8bb438_ec9a72099f9648dfb08d9412804a464a_mv2_d_3000_2000_s_2.jpg/v1/fit/w_250,h_60,q_30,blur_30/8bb438_ec9a72099f9648dfb08d9412804a464a_mv2_d_3000_2000_s_2.jpg]
[static.wixstatic.com/media/8bb438_cb8e4681180a4bf39d73b69a7d51f086_mv2_d_3000_1688_s_2.jpg/v1/fit/w_250,h_60,q_30,blur_30/8bb438_cb8e4681180a4bf39d73b69a7d51f086_mv2_d_3000_1688_s_2.jpg]
[static.wixstatic.com/media/8bb438_852a4859469e429895c88eecaac7f466_mv2_d_3000_1995_s_2.jpg/v1/fit/w_250,h_60,q_30,blur_30/8bb438_852a4859469e429895c88eecaac7f466_mv2_d_3000_1995_s_2.jpg]
[static.wixstatic.com/media/8bb438_1821368fde7d4eb1afed09b1fdb53532_mv2_d_3000_1946_s_2.jpg/v1/fit/w_250,h_60,q_30,blur_30/8bb438_1821368fde7d4eb1afed09b1fdb53532_mv2_d_3000_1946_s_2.jpg]
[static.wixstatic.com/media/8bb438_751cbc8f34e14fa2ba5dbfd8b5174c20_mv2_d_3000_2002_s_2.jpg/v1/fit/w_250,h_60,q_30,blur_30/8bb438_751cbc8f34e14fa2ba5dbfd8b5174c20_mv2_d_3000_2002_s_2.jpg]
[static.wixstatic.com/media/8bb438_5ae585140ab442d49138ef3ccbf8fdb8_mv2_d_3000_3000_s_4_2.jpg/v1/fit/w_250,h_60,q_30,blur_30/8bb438_5ae585140ab442d49138ef3ccbf8fdb8_mv2_d_3000_3000_s_4_2.jpg]
[static.wixstatic.com/media/8bb438_0ab7a3ec93cf434cb89081f5272b5dac_mv2_d_3000_1941_s_2.jpg/v1/fit/w_250,h_60,q_30,blur_30/8bb438_0ab7a3ec93cf434cb89081f5272b5dac_mv2_d_3000_1941_s_2.jpg]
[static.wixstatic.com/media/8bb438_98999c7be5814da8a012bb8d32aa6a47_mv2_d_3000_1965_s_2.jpg/v1/fit/w_250,h_60,q_30,blur_30/8bb438_98999c7be5814da8a012bb8d32aa6a47_mv2_d_3000_1965_s_2.jpg]
[static.wixstatic.com/media/b7f8d5_76fd5cf370be4cf4a2c0e2a6b3b8c965_mv2.png/v1/crop/x_65,y_285,w_1819,h_504/fill/w_171,h_47,al_c,usm_0.66_1.00_0.01,blur_2/logonew.png]
[static.wixstatic.com/media/b7f8d5_76fd5cf370be4cf4a2c0e2a6b3b8c965_mv2.png/v1/crop/x_106,y_321,w_1723,h_449/fill/w_172,h_45,al_c,usm_0.66_1.00_0.01,blur_2/logonew.png]
[static.wixstatic.com/media/0da768_0c5ce9e2ffa442bea0b79b690223a939_mv2.png]
[nguyenkhanhthien99.wixsite.com/caesar-m.html]
[nguyenkhanhthien99.wixsite.com/sitemap.html]
[nguyenkhanhthien99.wixsite.com/feed.html]
[nguyenkhanhthien99.wixsite.com/caesar-m/robots.2f.delayed]
[nguyenkhanhthien99.wixsite.com/caesar-m/quote-1.html]
[nguyenkhanhthien99.wixsite.com/caesar-m/sitemap.xml]
[nguyenkhanhthien99.wixsite.com/caesar-m/feed.xml]
[static.wixstatic.com/media/b7f8d5_c05df133d779425e9da86baf8010c934_mv2.jpg/v1/fill/w_221,h_148,al_c,q_80,usm_0.66_1.00_0.01,blur_2/b7f8d5_c05df133d779425e9da86baf8010c934_mv2.jpg]
[nguyenkhanhthien99.wixsite.com/caesar-m/vlog.html]
[static.wixstatic.com/media/b7f8d5_d967a7b801a247648af8653fa9aecf74_mv2.jpg/v1/fill/w_245,h_129,al_c,q_80,usm_0.66_1.00_0.01,blur_2/b7f8d5_d967a7b801a247648af8653fa9aecf74_mv2.jpg]
[nguyenkhanhthien99.wixsite.com/caesar-m/blog.html]
[static.wixstatic.com/media/b7f8d5_744cc12e0408429e8770d0464a62948f_mv2.jpg/v1/fill/w_205,h_154,al_c,q_80,usm_0.66_1.00_0.01,blur_2/b7f8d5_744cc12e0408429e8770d0464a62948f_mv2.jpg]
[static.wixstatic.com/media/002cd4_32ce95cf323c4e69a8a661f13a8333b1_2b32.jpg]
[static.wixstatic.com/media/002cd4_45eb52a582ec45c385f8168b6229e8a0_b5f3.jpg]
[static.wixstatic.com/media/002cd4_ae93edd37f9645c7b93685a76361c1b5_5d8c.jpg]
[static.wixstatic.com/media/002cd4_d4c8265530534ff2aef9f9229ceec6ee_e894.jpg]
[static.wixstatic.com/media/002cd4_c4ff5f3861234034bc1bbdf002366a5f_8345.jpg]
[static.wixstatic.com/media/002cd4_0b02763f21e24f6b9a86a94bfa1b9799_8a18.jpg]
[static.wixstatic.com/media/8bb438_3ae04589aef4480e89a24d7283c69798_mv2_d_2869_3586_s_4_2.jpg/v1/crop/w_250,h_250,x_0,y_31,scl_0.09,q_30,blur_30/8bb438_3ae04589aef4480e89a24d7283c69798_mv2_d_2869_3586_s_4_2.jpg]
[static.wixstatic.com/media/8bb438_734b8f436e944886b4185aa6f72b5cad_mv2_d_3000_2000_s_2.jpg/v1/crop/w_250,h_250,x_63,y_0,scl_0.13,q_30,blur_30/8bb438_734b8f436e944886b4185aa6f72b5cad_mv2_d_3000_2000_s_2.jpg]
[static.wixstatic.com/media/8bb438_ac2af14459894a6cbce641b7d8af9dc9_mv2_d_3000_2000_s_2.jpg/v1/crop/w_250,h_250,x_63,y_0,scl_0.13,q_30,blur_30/8bb438_ac2af14459894a6cbce641b7d8af9dc9_mv2_d_3000_2000_s_2.jpg]
[static.wixstatic.com/media/8bb438_b596f0cc1c134605b59843a052cd8f37_mv2_d_3000_2930_s_4_2.jpg/v1/crop/w_250,h_250,x_3,y_0,scl_0.09,q_30,blur_30/8bb438_b596f0cc1c134605b59843a052cd8f37_mv2_d_3000_2930_s_4_2.jpg]
[static.wixstatic.com/media/8bb438_288176fe374c49949c53917e808c1410_mv2_d_8192_7754_s_4_2.jpg/v1/crop/w_250,h_249,x_7,y_0,scl_0.04,q_30,blur_30/8bb438_288176fe374c49949c53917e808c1410_mv2_d_8192_7754_s_4_2.jpg]
[static.wixstatic.com/media/8bb438_ec9a72099f9648dfb08d9412804a464a_mv2_d_3000_2000_s_2.jpg/v1/crop/w_250,h_250,x_63,y_0,scl_0.13,q_30,blur_30/8bb438_ec9a72099f9648dfb08d9412804a464a_mv2_d_3000_2000_s_2.jpg]
[static.wixstatic.com/media/8bb438_cb8e4681180a4bf39d73b69a7d51f086_mv2_d_3000_1688_s_2.jpg/v1/crop/w_250,h_250,x_97,y_0,scl_0.15,q_30,blur_30/8bb438_cb8e4681180a4bf39d73b69a7d51f086_mv2_d_3000_1688_s_2.jpg]
[static.wixstatic.com/media/8bb438_852a4859469e429895c88eecaac7f466_mv2_d_3000_1995_s_2.jpg/v1/crop/w_250,h_250,x_63,y_0,scl_0.13,q_30,blur_30/8bb438_852a4859469e429895c88eecaac7f466_mv2_d_3000_1995_s_2.jpg]
[static.wixstatic.com/media/8bb438_1821368fde7d4eb1afed09b1fdb53532_mv2_d_3000_1946_s_2.jpg/v1/crop/w_250,h_250,x_68,y_0,scl_0.13,q_30,blur_30/8bb438_1821368fde7d4eb1afed09b1fdb53532_mv2_d_3000_1946_s_2.jpg]
[static.wixstatic.com/media/8bb438_751cbc8f34e14fa2ba5dbfd8b5174c20_mv2_d_3000_2002_s_2.jpg/v1/crop/w_250,h_249,x_62,y_0,scl_0.13,q_30,blur_30/8bb438_751cbc8f34e14fa2ba5dbfd8b5174c20_mv2_d_3000_2002_s_2.jpg]
[static.wixstatic.com/media/8bb438_5ae585140ab442d49138ef3ccbf8fdb8_mv2_d_3000_3000_s_4_2.jpg/v1/crop/w_250,h_250,x_0,y_0,scl_0.09,q_30,blur_30/8bb438_5ae585140ab442d49138ef3ccbf8fdb8_mv2_d_3000_3000_s_4_2.jpg]
[static.wixstatic.com/media/8bb438_0ab7a3ec93cf434cb89081f5272b5dac_mv2_d_3000_1941_s_2.jpg/v1/crop/w_250,h_250,x_68,y_0,scl_0.13,q_30,blur_30/8bb438_0ab7a3ec93cf434cb89081f5272b5dac_mv2_d_3000_1941_s_2.jpg]
[static.wixstatic.com/media/8bb438_98999c7be5814da8a012bb8d32aa6a47_mv2_d_3000_1965_s_2.jpg/v1/crop/w_250,h_250,x_66,y_0,scl_0.13,q_30,blur_30/8bb438_98999c7be5814da8a012bb8d32aa6a47_mv2_d_3000_1965_s_2.jpg]
[nguyenkhanhthien99.wixsite.com/caesar-m/quote-1.html]
[nguyenkhanhthien99.wixsite.com/caesar-m/robots.html]
[nguyenkhanhthien99.wixsite.com/caesar-m/feed.html]
